Determining if the pthread_create exist failed with the following output:
Change Dir: /home/jianhua/Projects/GelSight/github/sendout/GelSightCamera/build/CMakeFiles/CMakeTmp

Run Build Command:"/usr/bin/make" "cmTC_70c4f/fast"
/usr/bin/make -f CMakeFiles/cmTC_70c4f.dir/build.make CMakeFiles/cmTC_70c4f.dir/build
make[1]: Entering directory '/home/jianhua/Projects/GelSight/github/sendout/GelSightCamera/build/CMakeFiles/CMakeTmp'
Building C object CMakeFiles/cmTC_70c4f.dir/CheckSymbolExists.c.o
/usr/bin/cc    -fPIC    -o CMakeFiles/cmTC_70c4f.dir/CheckSymbolExists.c.o   -c /home/jianhua/Projects/GelSight/github/sendout/GelSightCamera/build/CMakeFiles/CMakeTmp/CheckSymbolExists.c
Linking C executable cmTC_70c4f
/usr/bin/cmake -E cmake_link_script CMakeFiles/cmTC_70c4f.dir/link.txt --verbose=1
/usr/bin/cc  -fPIC     CMakeFiles/cmTC_70c4f.dir/CheckSymbolExists.c.o  -o cmTC_70c4f -rdynamic 
CMakeFiles/cmTC_70c4f.dir/CheckSymbolExists.c.o: In function `main':
CheckSymbolExists.c:(.text+0x1b): undefined reference to `pthread_create'
collect2: error: ld returned 1 exit status
CMakeFiles/cmTC_70c4f.dir/build.make:97: recipe for target 'cmTC_70c4f' failed
make[1]: *** [cmTC_70c4f] Error 1
make[1]: Leaving directory '/home/jianhua/Projects/GelSight/github/sendout/GelSightCamera/build/CMakeFiles/CMakeTmp'
Makefile:126: recipe for target 'cmTC_70c4f/fast' failed
make: *** [cmTC_70c4f/fast] Error 2

File /home/jianhua/Projects/GelSight/github/sendout/GelSightCamera/build/CMakeFiles/CMakeTmp/CheckSymbolExists.c:
/* */
#include <pthread.h>

int main(int argc, char** argv)
{
  (void)argv;
#ifndef pthread_create
  return ((int*)(&pthread_create))[argc];
#else
  (void)argc;
  return 0;
#endif
}

Determining if the function pthread_create exists in the pthreads failed with the following output:
Change Dir: /home/jianhua/Projects/GelSight/github/sendout/GelSightCamera/build/CMakeFiles/CMakeTmp

Run Build Command:"/usr/bin/make" "cmTC_d9147/fast"
/usr/bin/make -f CMakeFiles/cmTC_d9147.dir/build.make CMakeFiles/cmTC_d9147.dir/build
make[1]: Entering directory '/home/jianhua/Projects/GelSight/github/sendout/GelSightCamera/build/CMakeFiles/CMakeTmp'
Building C object CMakeFiles/cmTC_d9147.dir/CheckFunctionExists.c.o
/usr/bin/cc    -fPIC -DCHECK_FUNCTION_EXISTS=pthread_create   -o CMakeFiles/cmTC_d9147.dir/CheckFunctionExists.c.o   -c /usr/share/cmake-3.5/Modules/CheckFunctionExists.c
Linking C executable cmTC_d9147
/usr/bin/cmake -E cmake_link_script CMakeFiles/cmTC_d9147.dir/link.txt --verbose=1
/usr/bin/cc  -fPIC -DCHECK_FUNCTION_EXISTS=pthread_create    CMakeFiles/cmTC_d9147.dir/CheckFunctionExists.c.o  -o cmTC_d9147 -rdynamic -lpthreads 
/usr/bin/ld: cannot find -lpthreads
collect2: error: ld returned 1 exit status
CMakeFiles/cmTC_d9147.dir/build.make:97: recipe for target 'cmTC_d9147' failed
make[1]: *** [cmTC_d9147] Error 1
make[1]: Leaving directory '/home/jianhua/Projects/GelSight/github/sendout/GelSightCamera/build/CMakeFiles/CMakeTmp'
Makefile:126: recipe for target 'cmTC_d9147/fast' failed
make: *** [cmTC_d9147/fast] Error 2


